0 info it worked if it ends with ok
1 verbose cli [ '/usr/local/bin/node',
1 verbose cli   '/usr/local/bin/npm',
1 verbose cli   'run',
1 verbose cli   'publish-travis' ]
2 info using npm@3.10.10
3 info using node@v6.10.0
4 verbose run-script [ 'prepublish-travis', 'publish-travis', 'postpublish-travis' ]
5 info lifecycle fabric8-ux@1.0.0~prepublish-travis: fabric8-ux@1.0.0
6 silly lifecycle fabric8-ux@1.0.0~prepublish-travis: no script for prepublish-travis, continuing
7 info lifecycle fabric8-ux@1.0.0~publish-travis: fabric8-ux@1.0.0
8 verbose lifecycle fabric8-ux@1.0.0~publish-travis: unsafe-perm in lifecycle true
9 verbose lifecycle fabric8-ux@1.0.0~publish-travis: PATH: /usr/local/lib/node_modules/npm/bin/node-gyp-bin:/Users/ajolicoe/dev/mindreeper2420/fabric8-ux/node_modules/.bin:/usr/local/opt/go@1.6/bin:/usr/local/bin:/usr/bin:/bin:/usr/sbin:/sbin:/Library/Frameworks/Mono.framework/Versions/Current/Commands
10 verbose lifecycle fabric8-ux@1.0.0~publish-travis: CWD: /Users/ajolicoe/dev/mindreeper2420/fabric8-ux
11 silly lifecycle fabric8-ux@1.0.0~publish-travis: Args: [ '-c', 'master _site' ]
12 info lifecycle fabric8-ux@1.0.0~publish-travis: Failed to exec publish-travis script
13 verbose stack Error: fabric8-ux@1.0.0 publish-travis: `master _site`
13 verbose stack spawn ENOENT
13 verbose stack     at ChildProcess.<anonymous> (/usr/local/lib/node_modules/npm/lib/utils/spawn.js:33:16)
13 verbose stack     at emitTwo (events.js:106:13)
13 verbose stack     at ChildProcess.emit (events.js:191:7)
13 verbose stack     at maybeClose (internal/child_process.js:877:16)
13 verbose stack     at Process.ChildProcess._handle.onexit (internal/child_process.js:226:5)
14 verbose pkgid fabric8-ux@1.0.0
15 verbose cwd /Users/ajolicoe/dev/mindreeper2420/fabric8-ux
16 error Darwin 16.4.0
17 error argv "/usr/local/bin/node" "/usr/local/bin/npm" "run" "publish-travis"
18 error node v6.10.0
19 error npm  v3.10.10
20 error file sh
21 error code ELIFECYCLE
22 error errno ENOENT
23 error syscall spawn
24 error fabric8-ux@1.0.0 publish-travis: `master _site`
24 error spawn ENOENT
25 error Failed at the fabric8-ux@1.0.0 publish-travis script 'master _site'.
25 error Make sure you have the latest version of node.js and npm installed.
25 error If you do, this is most likely a problem with the fabric8-ux package,
25 error not with npm itself.
25 error Tell the author that this fails on your system:
25 error     master _site
25 error You can get information on how to open an issue for this project with:
25 error     npm bugs fabric8-ux
25 error Or if that isn't available, you can get their info via:
25 error     npm owner ls fabric8-ux
25 error There is likely additional logging output above.
26 verbose exit [ 1, true ]
